<?xml version="1.0" encoding="UTF-8"?>
<coverage generated="1615835227">
  <project timestamp="1615835227">
    <file name="/home/dani/Projects/atom/di/src/Binding.php">
      <class name="Atom\DI\Binding" namespace="global">
        <metrics complexity="20" methods="17" coveredmethods="16" conditionals="0" coveredconditionals="0" statements="27" coveredstatements="26" elements="44" coveredelements="42"/>
      </class>
      <line num="27" type="method" name="__construct" visibility="public" complexity="1" crap="1" count="14"/>
      <line num="29" type="stmt" count="14"/>
      <line num="30" type="stmt" count="14"/>
      <line num="33" type="method" name="getDefinition" visibility="public" complexity="1" crap="1" count="10"/>
      <line num="35" type="stmt" count="10"/>
      <line num="38" type="method" name="getScope" visibility="public" complexity="1" crap="1" count="10"/>
      <line num="40" type="stmt" count="10"/>
      <line num="43" type="method" name="hasScope" visibility="private" complexity="1" crap="1" count="3"/>
      <line num="45" type="stmt" count="3"/>
      <line num="48" type="method" name="setScope" visibility="private" complexity="3" crap="3.04" count="3"/>
      <line num="50" type="stmt" count="3"/>
      <line num="51" type="stmt" count="1"/>
      <line num="53" type="stmt" count="3"/>
      <line num="54" type="stmt" count="0"/>
      <line num="56" type="stmt" count="3"/>
      <line num="57" type="stmt" count="3"/>
      <line num="60" type="method" name="singleton" visibility="public" complexity="1" crap="1" count="1"/>
      <line num="62" type="stmt" count="1"/>
      <line num="66" type="method" name="prototype" visibility="public" complexity="1" crap="1" count="3"/>
      <line num="68" type="stmt" count="3"/>
      <line num="71" type="method" name="isSingleton" visibility="public" complexity="1" crap="1" count="9"/>
      <line num="73" type="stmt" count="9"/>
      <line num="81" type="method" name="getValue" visibility="public" complexity="2" crap="2" count="8"/>
      <line num="83" type="stmt" count="8"/>
      <line num="84" type="stmt" count="8"/>
      <line num="85" type="stmt" count="8"/>
      <line num="87" type="stmt" count="8"/>
      <line num="95" type="method" name="toInstanceOf" visibility="public" complexity="1" crap="1" count="11"/>
      <line num="97" type="stmt" count="11"/>
      <line num="104" type="method" name="toNewInstance" visibility="public" complexity="1" crap="1" count="2"/>
      <line num="106" type="stmt" count="2"/>
      <line num="113" type="method" name="toValue" visibility="public" complexity="1" crap="1" count="9"/>
      <line num="115" type="stmt" count="9"/>
      <line num="122" type="method" name="toObject" visibility="public" complexity="1" crap="1" count="1"/>
      <line num="124" type="stmt" count="1"/>
      <line num="132" type="method" name="toMethod" visibility="public" complexity="1" crap="1" count="1"/>
      <line num="134" type="stmt" count="1"/>
      <line num="141" type="method" name="toFunction" visibility="public" complexity="1" crap="1" count="1"/>
      <line num="143" type="stmt" count="1"/>
      <line num="146" type="method" name="setDefinition" visibility="private" complexity="1" crap="1" count="12"/>
      <line num="148" type="stmt" count="12"/>
      <line num="149" type="stmt" count="12"/>
      <line num="152" type="method" name="isValidScope" visibility="private" complexity="1" crap="1" count="3"/>
      <line num="154" type="stmt" count="3"/>
      <metrics loc="156" ncloc="119" classes="1" methods="17" coveredmethods="16" conditionals="0" coveredconditionals="0" statements="27" coveredstatements="26" elements="44" coveredelements="42"/>
    </file>
    <file name="/home/dani/Projects/atom/di/src/Container.php">
      <class name="Atom\DI\Container" namespace="global">
        <metrics complexity="41" methods="20" coveredmethods="12" conditionals="0" coveredconditionals="0" statements="83" coveredstatements="71" elements="103" coveredelements="83"/>
      </class>
      <line num="52" type="method" name="__construct" visibility="public" complexity="1" crap="1" count="29"/>
      <line num="54" type="stmt" count="29"/>
      <line num="55" type="stmt" count="29"/>
      <line num="64" type="method" name="bind" visibility="public" complexity="4" crap="4" count="10"/>
      <line num="66" type="stmt" count="10"/>
      <line num="67" type="stmt" count="10"/>
      <line num="68" type="stmt" count="10"/>
      <line num="69" type="stmt" count="10"/>
      <line num="71" type="stmt" count="10"/>
      <line num="73" type="stmt" count="10"/>
      <line num="74" type="stmt" count="10"/>
      <line num="76" type="stmt" count="10"/>
      <line num="84" type="method" name="prototype" visibility="public" complexity="1" crap="1" count="1"/>
      <line num="86" type="stmt" count="1"/>
      <line num="100" type="method" name="get" visibility="public" complexity="1" crap="1" count="6"/>
      <line num="102" type="stmt" count="6"/>
      <line num="103" type="stmt" count="6"/>
      <line num="104" type="stmt" count="4"/>
      <line num="105" type="stmt" count="4"/>
      <line num="119" type="method" name="getDependency" visibility="public" complexity="7" crap="7" count="9"/>
      <line num="121" type="stmt" count="9"/>
      <line num="122" type="stmt" count="9"/>
      <line num="123" type="stmt" count="1"/>
      <line num="125" type="stmt" count="9"/>
      <line num="126" type="stmt" count="9"/>
      <line num="127" type="stmt" count="7"/>
      <line num="128" type="stmt" count="3"/>
      <line num="129" type="stmt" count="3"/>
      <line num="131" type="stmt" count="1"/>
      <line num="133" type="stmt" count="8"/>
      <line num="134" type="stmt" count="1"/>
      <line num="136" type="stmt" count="8"/>
      <line num="137" type="stmt" count="1"/>
      <line num="138" type="stmt" count="1"/>
      <line num="140" type="stmt" count="8"/>
      <line num="143" type="method" name="addResolvedValue" visibility="public" complexity="1" crap="1" count="7"/>
      <line num="145" type="stmt" count="7"/>
      <line num="146" type="stmt" count="7"/>
      <line num="152" type="method" name="interpret" visibility="public" complexity="2" crap="2" count="9"/>
      <line num="154" type="stmt" count="9"/>
      <line num="155" type="stmt" count="9"/>
      <line num="156" type="stmt" count="2"/>
      <line num="158" type="stmt" count="9"/>
      <line num="166" type="method" name="has" visibility="public" complexity="1" crap="1" count="12"/>
      <line num="168" type="stmt" count="12"/>
      <line num="176" type="method" name="remove" visibility="public" complexity="2" crap="2.06" count="1"/>
      <line num="178" type="stmt" count="1"/>
      <line num="179" type="stmt" count="0"/>
      <line num="181" type="stmt" count="1"/>
      <line num="182" type="stmt" count="1"/>
      <line num="195" type="method" name="make" visibility="public" complexity="4" crap="4" count="11"/>
      <line num="198" type="stmt" count="11"/>
      <line num="199" type="stmt" count="1"/>
      <line num="200" type="stmt" count="1"/>
      <line num="202" type="stmt" count="10"/>
      <line num="203" type="stmt" count="1"/>
      <line num="205" type="stmt" count="9"/>
      <line num="206" type="stmt" count="9"/>
      <line num="207" type="stmt" count="5"/>
      <line num="209" type="stmt" count="5"/>
      <line num="210" type="stmt" count="5"/>
      <line num="215" type="stmt" count="4"/>
      <line num="228" type="method" name="callFunction" visibility="public" complexity="1" crap="1" count="2"/>
      <line num="230" type="stmt" count="2"/>
      <line num="231" type="stmt" count="2"/>
      <line num="232" type="stmt" count="2"/>
      <line num="233" type="stmt" count="2"/>
      <line num="247" type="method" name="callMethod" visibility="public" complexity="3" crap="3.03" count="2"/>
      <line num="249" type="stmt" count="2"/>
      <line num="250" type="stmt" count="0"/>
      <line num="252" type="stmt" count="2"/>
      <line num="253" type="stmt" count="2"/>
      <line num="255" type="stmt" count="2"/>
      <line num="256" type="stmt" count="2"/>
      <line num="257" type="stmt" count="2"/>
      <line num="263" type="method" name="getResolutionStack" visibility="public" complexity="1" crap="1" count="3"/>
      <line num="265" type="stmt" count="3"/>
      <line num="268" type="method" name="resolved" visibility="public" complexity="4" crap="4.07" count="1"/>
      <line num="270" type="stmt" count="1"/>
      <line num="271" type="stmt" count="0"/>
      <line num="273" type="stmt" count="1"/>
      <line num="274" type="stmt" count="1"/>
      <line num="276" type="stmt" count="1"/>
      <line num="278" type="stmt" count="1"/>
      <line num="284" type="method" name="getBinding" visibility="private" complexity="1" crap="1" count="7"/>
      <line num="286" type="stmt" count="7"/>
      <line num="293" type="method" name="offsetExists" visibility="public" complexity="1" crap="2" count="0"/>
      <line num="295" type="stmt" count="0"/>
      <line num="306" type="method" name="offsetGet" visibility="public" complexity="1" crap="2" count="0"/>
      <line num="308" type="stmt" count="0"/>
      <line num="316" type="method" name="offsetSet" visibility="public" complexity="2" crap="6" count="0"/>
      <line num="318" type="stmt" count="0"/>
      <line num="319" type="stmt" count="0"/>
      <line num="321" type="stmt" count="0"/>
      <line num="323" type="stmt" count="0"/>
      <line num="328" type="method" name="offsetUnset" visibility="public" complexity="1" crap="2" count="0"/>
      <line num="330" type="stmt" count="0"/>
      <line num="331" type="stmt" count="0"/>
      <line num="338" type="method" name="registerBinding" visibility="private" complexity="2" crap="2.06" count="10"/>
      <line num="340" type="stmt" count="10"/>
      <line num="341" type="stmt" count="0"/>
      <line num="343" type="stmt" count="10"/>
      <line num="344" type="stmt" count="10"/>
      <metrics loc="345" ncloc="217" classes="1" methods="20" coveredmethods="12" conditionals="0" coveredconditionals="0" statements="83" coveredstatements="71" elements="103" coveredelements="83"/>
    </file>
    <file name="/home/dani/Projects/atom/di/src/Contracts/BindingContract.php">
      <metrics loc="25" ncloc="19" classes="0" methods="0" coveredmethods="0" conditionals="0" coveredconditionals="0" statements="0" coveredstatements="0" elements="0" coveredelements="0"/>
    </file>
    <file name="/home/dani/Projects/atom/di/src/Contracts/DefinitionContract.php">
      <metrics loc="21" ncloc="21" classes="0" methods="0" coveredmethods="0" conditionals="0" coveredconditionals="0" statements="0" coveredstatements="0" elements="0" coveredelements="0"/>
    </file>
    <file name="/home/dani/Projects/atom/di/src/Contracts/ExtractionParameterContract.php">
      <metrics loc="13" ncloc="13" classes="0" methods="0" coveredmethods="0" conditionals="0" coveredconditionals="0" statements="0" coveredstatements="0" elements="0" coveredelements="0"/>
    </file>
    <file name="/home/dani/Projects/atom/di/src/Contracts/ExtractorContract.php">
      <metrics loc="13" ncloc="13" classes="0" methods="0" coveredmethods="0" conditionals="0" coveredconditionals="0" statements="0" coveredstatements="0" elements="0" coveredelements="0"/>
    </file>
    <file name="/home/dani/Projects/atom/di/src/Contracts/MappingContract.php">
      <metrics loc="31" ncloc="15" classes="0" methods="0" coveredmethods="0" conditionals="0" coveredconditionals="0" statements="0" coveredstatements="0" elements="0" coveredelements="0"/>
    </file>
    <file name="/home/dani/Projects/atom/di/src/Contracts/StorageContract.php">
      <metrics loc="69" ncloc="28" classes="0" methods="0" coveredmethods="0" conditionals="0" coveredconditionals="0" statements="0" coveredstatements="0" elements="0" coveredelements="0"/>
    </file>
    <file name="/home/dani/Projects/atom/di/src/Definition.php">
      <class name="Atom\DI\Definition" namespace="global">
        <metrics complexity="0" methods="0" coveredmethods="0" conditionals="0" coveredconditionals="0" statements="0" coveredstatements="0" elements="0" coveredelements="0"/>
      </class>
      <metrics loc="11" ncloc="11" classes="0" methods="0" coveredmethods="0" conditionals="0" coveredconditionals="0" statements="0" coveredstatements="0" elements="0" coveredelements="0"/>
    </file>
    <file name="/home/dani/Projects/atom/di/src/Definitions/AbstractDefinition.php">
      <class name="Atom\DI\Definitions\AbstractDefinition" namespace="global">
        <metrics complexity="10" methods="8" coveredmethods="7" conditionals="0" coveredconditionals="0" statements="15" coveredstatements="14" elements="23" coveredelements="21"/>
      </class>
      <line num="22" type="method" name="getClass" visibility="public" complexity="1" crap="1" count="1"/>
      <line num="24" type="stmt" count="1"/>
      <line num="31" type="method" name="getParameter" visibility="public" complexity="1" crap="1" count="5"/>
      <line num="33" type="stmt" count="5"/>
      <line num="41" type="method" name="withParameter" visibility="public" complexity="1" crap="1" count="3"/>
      <line num="43" type="stmt" count="3"/>
      <line num="44" type="stmt" count="3"/>
      <line num="52" type="method" name="withClass" visibility="public" complexity="1" crap="1" count="2"/>
      <line num="54" type="stmt" count="2"/>
      <line num="55" type="stmt" count="2"/>
      <line num="62" type="method" name="withClasses" visibility="public" complexity="2" crap="2" count="1"/>
      <line num="64" type="stmt" count="1"/>
      <line num="65" type="stmt" count="1"/>
      <line num="67" type="stmt" count="1"/>
      <line num="74" type="method" name="withParameters" visibility="public" complexity="2" crap="2.15" count="2"/>
      <line num="76" type="stmt" count="2"/>
      <line num="77" type="stmt" count="0"/>
      <line num="79" type="stmt" count="2"/>
      <line num="86" type="method" name="resolved" visibility="public" complexity="1" crap="1" count="3"/>
      <line num="88" type="stmt" count="3"/>
      <line num="89" type="stmt" count="3"/>
      <line num="95" type="method" name="getResolutionCallback" visibility="public" complexity="1" crap="1" count="10"/>
      <line num="97" type="stmt" count="10"/>
      <metrics loc="99" ncloc="63" classes="1" methods="8" coveredmethods="7" conditionals="0" coveredconditionals="0" statements="15" coveredstatements="14" elements="23" coveredelements="21"/>
    </file>
    <file name="/home/dani/Projects/atom/di/src/Definitions/BuildObject.php">
      <class name="Atom\DI\Definitions\BuildObject" namespace="global">
        <metrics complexity="3" methods="3" coveredmethods="3" conditionals="0" coveredconditionals="0" statements="5" coveredstatements="5" elements="8" coveredelements="8"/>
      </class>
      <line num="24" type="method" name="__construct" visibility="public" complexity="1" crap="1" count="15"/>
      <line num="26" type="stmt" count="15"/>
      <line num="27" type="stmt" count="15"/>
      <line num="28" type="stmt" count="15"/>
      <line num="38" type="method" name="interpret" visibility="public" complexity="1" crap="1" count="3"/>
      <line num="40" type="stmt" count="3"/>
      <line num="46" type="method" name="getClassName" visibility="public" complexity="1" crap="1" count="4"/>
      <line num="48" type="stmt" count="4"/>
      <metrics loc="50" ncloc="31" classes="1" methods="3" coveredmethods="3" conditionals="0" coveredconditionals="0" statements="5" coveredstatements="5" elements="8" coveredelements="8"/>
    </file>
    <file name="/home/dani/Projects/atom/di/src/Definitions/CallFunction.php">
      <class name="Atom\DI\Definitions\CallFunction" namespace="global">
        <metrics complexity="3" methods="3" coveredmethods="3" conditionals="0" coveredconditionals="0" statements="5" coveredstatements="5" elements="8" coveredelements="8"/>
      </class>
      <line num="16" type="method" name="__construct" visibility="public" complexity="1" crap="1" count="4"/>
      <line num="18" type="stmt" count="4"/>
      <line num="19" type="stmt" count="4"/>
      <line num="20" type="stmt" count="4"/>
      <line num="30" type="method" name="interpret" visibility="public" complexity="1" crap="1" count="1"/>
      <line num="32" type="stmt" count="1"/>
      <line num="38" type="method" name="getCallable" visibility="public" complexity="1" crap="1" count="2"/>
      <line num="40" type="stmt" count="2"/>
      <metrics loc="42" ncloc="31" classes="1" methods="3" coveredmethods="3" conditionals="0" coveredconditionals="0" statements="5" coveredstatements="5" elements="8" coveredelements="8"/>
    </file>
    <file name="/home/dani/Projects/atom/di/src/Definitions/CallMethod.php">
      <class name="Atom\DI\Definitions\CallMethod" namespace="global">
        <metrics complexity="5" methods="5" coveredmethods="5" conditionals="0" coveredconditionals="0" statements="12" coveredstatements="12" elements="17" coveredelements="17"/>
      </class>
      <line num="23" type="method" name="__construct" visibility="public" complexity="1" crap="1" count="5"/>
      <line num="25" type="stmt" count="5"/>
      <line num="26" type="stmt" count="5"/>
      <line num="27" type="stmt" count="5"/>
      <line num="33" type="method" name="on" visibility="public" complexity="1" crap="1" count="3"/>
      <line num="35" type="stmt" count="3"/>
      <line num="36" type="stmt" count="3"/>
      <line num="42" type="method" name="getObject" visibility="public" complexity="1" crap="1" count="3"/>
      <line num="44" type="stmt" count="3"/>
      <line num="55" type="method" name="interpret" visibility="public" complexity="1" crap="1" count="1"/>
      <line num="57" type="stmt" count="1"/>
      <line num="58" type="stmt" count="1"/>
      <line num="59" type="stmt" count="1"/>
      <line num="60" type="stmt" count="1"/>
      <line num="61" type="stmt" count="1"/>
      <line num="68" type="method" name="getMethod" visibility="public" complexity="1" crap="1" count="2"/>
      <line num="70" type="stmt" count="2"/>
      <metrics loc="72" ncloc="48" classes="1" methods="5" coveredmethods="5" conditionals="0" coveredconditionals="0" statements="12" coveredstatements="12" elements="17" coveredelements="17"/>
    </file>
    <file name="/home/dani/Projects/atom/di/src/Definitions/CallableDefinitionFactory.php">
      <class name="Atom\DI\Definitions\CallableDefinitionFactory" namespace="global">
        <metrics complexity="3" methods="3" coveredmethods="3" conditionals="0" coveredconditionals="0" statements="5" coveredstatements="5" elements="8" coveredelements="8"/>
      </class>
      <line num="13" type="method" name="__construct" visibility="public" complexity="1" crap="1" count="4"/>
      <line num="15" type="stmt" count="4"/>
      <line num="16" type="stmt" count="4"/>
      <line num="17" type="stmt" count="4"/>
      <line num="22" type="method" name="function" visibility="public" complexity="1" crap="1" count="2"/>
      <line num="24" type="stmt" count="2"/>
      <line num="30" type="method" name="method" visibility="public" complexity="1" crap="1" count="2"/>
      <line num="32" type="stmt" count="2"/>
      <metrics loc="34" ncloc="28" classes="1" methods="3" coveredmethods="3" conditionals="0" coveredconditionals="0" statements="5" coveredstatements="5" elements="8" coveredelements="8"/>
    </file>
    <file name="/home/dani/Projects/atom/di/src/Definitions/DefinitionFactory.php">
      <class name="Atom\DI\Definitions\DefinitionFactory" namespace="global">
        <metrics complexity="5" methods="5" coveredmethods="5" conditionals="0" coveredconditionals="0" statements="5" coveredstatements="5" elements="10" coveredelements="10"/>
      </class>
      <line num="8" type="method" name="newInstanceOf" visibility="public" complexity="1" crap="1" count="13"/>
      <line num="10" type="stmt" count="13"/>
      <line num="13" type="method" name="get" visibility="public" complexity="1" crap="1" count="1"/>
      <line num="15" type="stmt" count="1"/>
      <line num="18" type="method" name="value" visibility="public" complexity="1" crap="1" count="10"/>
      <line num="20" type="stmt" count="10"/>
      <line num="23" type="method" name="object" visibility="public" complexity="1" crap="1" count="1"/>
      <line num="25" type="stmt" count="1"/>
      <line num="28" type="method" name="callTo" visibility="public" complexity="1" crap="1" count="2"/>
      <line num="30" type="stmt" count="2"/>
      <metrics loc="32" ncloc="32" classes="1" methods="5" coveredmethods="5" conditionals="0" coveredconditionals="0" statements="5" coveredstatements="5" elements="10" coveredelements="10"/>
    </file>
    <file name="/home/dani/Projects/atom/di/src/Definitions/Get.php">
      <class name="Atom\DI\Definitions\Get" namespace="global">
        <metrics complexity="3" methods="3" coveredmethods="3" conditionals="0" coveredconditionals="0" statements="4" coveredstatements="4" elements="7" coveredelements="7"/>
      </class>
      <line num="19" type="method" name="__construct" visibility="public" complexity="1" crap="1" count="2"/>
      <line num="21" type="stmt" count="2"/>
      <line num="22" type="stmt" count="2"/>
      <line num="27" type="method" name="getKey" visibility="public" complexity="1" crap="1" count="2"/>
      <line num="29" type="stmt" count="2"/>
      <line num="40" type="method" name="interpret" visibility="public" complexity="1" crap="1" count="1"/>
      <line num="42" type="stmt" count="1"/>
      <metrics loc="44" ncloc="30" classes="1" methods="3" coveredmethods="3" conditionals="0" coveredconditionals="0" statements="4" coveredstatements="4" elements="7" coveredelements="7"/>
    </file>
    <file name="/home/dani/Projects/atom/di/src/Definitions/NullDefinition.php">
      <class name="Atom\DI\Definitions\NullDefinition" namespace="global">
        <metrics complexity="1" methods="1" coveredmethods="1" conditionals="0" coveredconditionals="0" statements="1" coveredstatements="1" elements="2" coveredelements="2"/>
      </class>
      <line num="11" type="method" name="interpret" visibility="public" complexity="1" crap="1" count="1"/>
      <line num="13" type="stmt" count="1"/>
      <metrics loc="15" ncloc="15" classes="1" methods="1" coveredmethods="1" conditionals="0" coveredconditionals="0" statements="1" coveredstatements="1" elements="2" coveredelements="2"/>
    </file>
    <file name="/home/dani/Projects/atom/di/src/Definitions/Value.php">
      <class name="Atom\DI\Definitions\Value" namespace="global">
        <metrics complexity="3" methods="3" coveredmethods="3" conditionals="0" coveredconditionals="0" statements="4" coveredstatements="4" elements="7" coveredelements="7"/>
      </class>
      <line num="12" type="method" name="__construct" visibility="public" complexity="1" crap="1" count="15"/>
      <line num="14" type="stmt" count="15"/>
      <line num="15" type="stmt" count="15"/>
      <line num="17" type="method" name="interpret" visibility="public" complexity="1" crap="1" count="8"/>
      <line num="19" type="stmt" count="8"/>
      <line num="25" type="method" name="getValue" visibility="public" complexity="1" crap="1" count="4"/>
      <line num="27" type="stmt" count="4"/>
      <metrics loc="29" ncloc="26" classes="1" methods="3" coveredmethods="3" conditionals="0" coveredconditionals="0" statements="4" coveredstatements="4" elements="7" coveredelements="7"/>
    </file>
    <file name="/home/dani/Projects/atom/di/src/Exceptions/CircularDependencyException.php">
      <class name="Atom\DI\Exceptions\CircularDependencyException" namespace="global">
        <metrics complexity="1" methods="1" coveredmethods="1" conditionals="0" coveredconditionals="0" statements="3" coveredstatements="3" elements="4" coveredelements="4"/>
      </class>
      <line num="11" type="method" name="__construct" visibility="public" complexity="1" crap="1" count="2"/>
      <line num="13" type="stmt" count="2"/>
      <line num="14" type="stmt" count="2"/>
      <line num="15" type="stmt" count="2"/>
      <metrics loc="16" ncloc="16" classes="1" methods="1" coveredmethods="1" conditionals="0" coveredconditionals="0" statements="3" coveredstatements="3" elements="4" coveredelements="4"/>
    </file>
    <file name="/home/dani/Projects/atom/di/src/Exceptions/ContainerException.php">
      <class name="Atom\DI\Exceptions\ContainerException" namespace="global">
        <metrics complexity="0" methods="0" coveredmethods="0" conditionals="0" coveredconditionals="0" statements="0" coveredstatements="0" elements="0" coveredelements="0"/>
      </class>
      <metrics loc="10" ncloc="10" classes="0" methods="0" coveredmethods="0" conditionals="0" coveredconditionals="0" statements="0" coveredstatements="0" elements="0" coveredelements="0"/>
    </file>
    <file name="/home/dani/Projects/atom/di/src/Exceptions/MultipleBindingException.php">
      <class name="Atom\DI\Exceptions\MultipleBindingException" namespace="global">
        <metrics complexity="2" methods="2" coveredmethods="0" conditionals="0" coveredconditionals="0" statements="3" coveredstatements="0" elements="5" coveredelements="0"/>
      </class>
      <line num="12" type="method" name="__construct" visibility="public" complexity="1" crap="2" count="0"/>
      <line num="14" type="stmt" count="0"/>
      <line num="15" type="stmt" count="0"/>
      <line num="21" type="method" name="getAlias" visibility="public" complexity="1" crap="2" count="0"/>
      <line num="23" type="stmt" count="0"/>
      <metrics loc="25" ncloc="22" classes="1" methods="2" coveredmethods="0" conditionals="0" coveredconditionals="0" statements="3" coveredstatements="0" elements="5" coveredelements="0"/>
    </file>
    <file name="/home/dani/Projects/atom/di/src/Exceptions/NotFoundException.php">
      <class name="Atom\DI\Exceptions\NotFoundException" namespace="global">
        <metrics complexity="2" methods="1" coveredmethods="0" conditionals="0" coveredconditionals="0" statements="5" coveredstatements="4" elements="6" coveredelements="4"/>
      </class>
      <line num="10" type="method" name="__construct" visibility="public" complexity="2" crap="2.03" count="1"/>
      <line num="12" type="stmt" count="1"/>
      <line num="13" type="stmt" count="0"/>
      <line num="15" type="stmt" count="1"/>
      <line num="17" type="stmt" count="1"/>
      <line num="18" type="stmt" count="1"/>
      <metrics loc="19" ncloc="19" classes="1" methods="1" coveredmethods="0" conditionals="0" coveredconditionals="0" statements="5" coveredstatements="4" elements="6" coveredelements="4"/>
    </file>
    <file name="/home/dani/Projects/atom/di/src/Exceptions/StorageNotFoundException.php">
      <class name="Atom\DI\Exceptions\StorageNotFoundException" namespace="global">
        <metrics complexity="1" methods="1" coveredmethods="0" conditionals="0" coveredconditionals="0" statements="1" coveredstatements="0" elements="2" coveredelements="0"/>
      </class>
      <line num="8" type="method" name="__construct" visibility="public" complexity="1" crap="2" count="0"/>
      <line num="10" type="stmt" count="0"/>
      <metrics loc="12" ncloc="12" classes="1" methods="1" coveredmethods="0" conditionals="0" coveredconditionals="0" statements="1" coveredstatements="0" elements="2" coveredelements="0"/>
    </file>
    <file name="/home/dani/Projects/atom/di/src/Exceptions/UnsupportedInvokerException.php">
      <class name="Atom\DI\Exceptions\UnsupportedInvokerException" namespace="global">
        <metrics complexity="1" methods="1" coveredmethods="0" conditionals="0" coveredconditionals="0" statements="1" coveredstatements="0" elements="2" coveredelements="0"/>
      </class>
      <line num="11" type="method" name="__construct" visibility="public" complexity="1" crap="2" count="0"/>
      <line num="13" type="stmt" count="0"/>
      <metrics loc="17" ncloc="17" classes="1" methods="1" coveredmethods="0" conditionals="0" coveredconditionals="0" statements="1" coveredstatements="0" elements="2" coveredelements="0"/>
    </file>
    <file name="/home/dani/Projects/atom/di/src/ParameterResolverTrait.php">
      <class name="Atom\DI\ParameterResolverTrait" namespace="global">
        <metrics complexity="14" methods="4" coveredmethods="3" conditionals="0" coveredconditionals="0" statements="32" coveredstatements="29" elements="36" coveredelements="32"/>
      </class>
      <line num="31" type="method" name="searchParameterValue" visibility="public" complexity="8" crap="8.25" count="13"/>
      <line num="38" type="stmt" count="13"/>
      <line num="39" type="stmt" count="13"/>
      <line num="40" type="stmt" count="8"/>
      <line num="42" type="stmt" count="8"/>
      <line num="43" type="stmt" count="4"/>
      <line num="45" type="stmt" count="6"/>
      <line num="46" type="stmt" count="6"/>
      <line num="47" type="stmt" count="1"/>
      <line num="48" type="stmt" count="0"/>
      <line num="49" type="stmt" count="0"/>
      <line num="51" type="stmt" count="1"/>
      <line num="52" type="stmt" count="1"/>
      <line num="54" type="stmt" count="5"/>
      <line num="55" type="stmt" count="2"/>
      <line num="57" type="stmt" count="3"/>
      <line num="58" type="stmt" count="0"/>
      <line num="60" type="stmt" count="3"/>
      <line num="61" type="stmt" count="2"/>
      <line num="62" type="stmt" count="2"/>
      <line num="70" type="method" name="getOverrideValue" visibility="private" complexity="2" crap="2" count="9"/>
      <line num="72" type="stmt" count="9"/>
      <line num="73" type="stmt" count="1"/>
      <line num="75" type="stmt" count="9"/>
      <line num="91" type="method" name="getFunctionParameters" visibility="private" complexity="2" crap="2" count="8"/>
      <line num="97" type="stmt" count="8"/>
      <line num="98" type="stmt" count="8"/>
      <line num="99" type="stmt" count="8"/>
      <line num="100" type="stmt" count="8"/>
      <line num="101" type="stmt" count="8"/>
      <line num="108" type="stmt" count="7"/>
      <line num="117" type="method" name="getParameterClassName" visibility="private" complexity="2" crap="2" count="6"/>
      <line num="119" type="stmt" count="6"/>
      <line num="120" type="stmt" count="6"/>
      <line num="121" type="stmt" count="1"/>
      <line num="123" type="stmt" count="5"/>
      <metrics loc="125" ncloc="89" classes="1" methods="4" coveredmethods="3" conditionals="0" coveredconditionals="0" statements="32" coveredstatements="29" elements="36" coveredelements="32"/>
    </file>
    <file name="/home/dani/Projects/atom/di/src/ResolutionStack.php">
      <class name="Atom\DI\ResolutionStack" namespace="global">
        <metrics complexity="7" methods="6" coveredmethods="6" conditionals="0" coveredconditionals="0" statements="11" coveredstatements="11" elements="17" coveredelements="17"/>
      </class>
      <line num="19" type="method" name="append" visibility="public" complexity="2" crap="2" count="14"/>
      <line num="21" type="stmt" count="14"/>
      <line num="22" type="stmt" count="2"/>
      <line num="24" type="stmt" count="14"/>
      <line num="25" type="stmt" count="14"/>
      <line num="27" type="method" name="contains" visibility="public" complexity="1" crap="1" count="14"/>
      <line num="29" type="stmt" count="14"/>
      <line num="33" type="method" name="clear" visibility="public" complexity="1" crap="1" count="7"/>
      <line num="35" type="stmt" count="7"/>
      <line num="36" type="stmt" count="7"/>
      <line num="38" type="method" name="pop" visibility="public" complexity="1" crap="1" count="1"/>
      <line num="40" type="stmt" count="1"/>
      <line num="41" type="stmt" count="1"/>
      <line num="46" type="method" name="getStack" visibility="public" complexity="1" crap="1" count="6"/>
      <line num="48" type="stmt" count="6"/>
      <line num="51" type="method" name="__toString" visibility="public" complexity="1" crap="1" count="2"/>
      <line num="53" type="stmt" count="2"/>
      <metrics loc="55" ncloc="45" classes="1" methods="6" coveredmethods="6" conditionals="0" coveredconditionals="0" statements="11" coveredstatements="11" elements="17" coveredelements="17"/>
    </file>
    <metrics files="26" loc="1380" ncloc="990" classes="18" methods="87" coveredmethods="71" conditionals="0" coveredconditionals="0" statements="222" coveredstatements="199" elements="309" coveredelements="270"/>
  </project>
</coverage>
